开始时间：Wed May 03 2017 16:56:50 GMT+0800 (CST)
[Start Job]
[Start Stage] init 
[Start Task] init  初始化任务
开始创建临时工作目录...
创建成功
===============环境变量=======================
PROJECT_ID : B1eDTWwJ-
JOB_ID : rkiIifvkW
REPOSITORY_NAME : test-ci
REPOSITORY_URL : git@git.coding.net:luckyjing/test-ci.git
==================================================
[Finish Task] init
[Start Task] clone  Git 仓库克隆
> git clone --branch feature/test git@git.coding.net:luckyjing/test-ci.git test-ci
Cloning into 'test-ci'...

[Finish Task] clone
[Finish Stage] init 
[Start Stage] test 
[Start Task] shell0  执行Shell命令
> echo 你好，测试阶段
你好，测试阶段

[Finish Task] shell0
[Finish Stage] test 
[Start Stage] build 
[Start Task] shell1  执行Shell命令
> echo 你好，构建阶段
你好，构建阶段

[Finish Task] shell1
[Start Task] buildImage  构建运行型Docker镜像
镜像名：b1edtwwj/test-ci
当前工作目录：/Users/sujingxin/coding/daily/pure-ci/workspace/SkSuppJRe/B1eDTWwJ-/tmp/test-ci
> ls -al
total 32
drwxr-xr-x   8 sujingxin  staff  272  5  3 16:56 .
drwxr-xr-x   3 sujingxin  staff  102  5  3 16:56 ..
drwxr-xr-x  13 sujingxin  staff  442  5  3 16:56 .git
-rw-r--r--   1 sujingxin  staff   13  5  3 16:56 .gitignore
-rw-r--r--   1 sujingxin  staff    0  5  3 16:56 Dockerfile
-rw-r--r--   1 sujingxin  staff    5  5  3 16:56 README.md
-rw-r--r--   1 sujingxin  staff  301  5  3 16:56 app.js
-rw-r--r--   1 sujingxin  staff  187  5  3 16:56 package.json

> docker build -t b1edtwwj/test-ci .
WARNING: Error loading config file:/Users/sujingxin/.docker/config.json - open /Users/sujingxin/.docker/config.json: permission denied

Sending build context to Docker daemon 330.2 kB

Error response from daemon: The Dockerfile (Dockerfile) cannot be empty

> docker build -t b1edtwwj/test-ci .
WARNING: Error loading config file:/Users/sujingxin/.docker/config.json - open /Users/sujingxin/.docker/config.json: permission denied

Sending build context to Docker daemon 330.2 kB

Error response from daemon: The Dockerfile (Dockerfile) cannot be empty

[Error Task] buildImage
[Error Stage] build 
[Error Job]
作业结束，耗时：1403 ms
