开始时间：Wed May 03 2017 16:22:30 GMT+0800 (CST)
[Start Job]
[Start Stage] init 
[Start Task] init  初始化任务
开始创建临时工作目录...
创建成功
===============环境变量=======================
PROJECT_ID : B1eDTWwJ-
JOB_ID : H1ArmGvkZ
REPOSITORY_NAME : test-ci
REPOSITORY_URL : git@git.coding.net:luckyjing/test-ci.git
==================================================
[Finish Task] init
[Start Task] clone  Git 仓库克隆
> git clone --branch feature/test git@git.coding.net:luckyjing/test-ci.git test-ci
Cloning into 'test-ci'...

[脚本执行结束]退出码：0
[Finish Task] clone
[Finish Stage] init 
[Start Stage] test 
[Start Task] shell0  执行Shell命令
> echo 你好，测试阶段
你好，测试阶段

[脚本执行结束]退出码：0
[Finish Task] shell0
[Finish Stage] test 
[Start Stage] build 
[Start Task] shell1  执行Shell命令
> echo 你好，构建阶段
你好，构建阶段

[脚本执行结束]退出码：0
[Finish Task] shell1
[Start Task] buildImage  构建运行型Docker镜像
invalid argument "B1eDTWwJ-/test-ci" for t: Error parsing reference: "B1eDTWwJ-/test-ci" is not a valid repository/tag: invalid reference format
See 'docker build --help'.

[脚本执行结束]退出码：125
> docker build -t B1eDTWwJ-/test-ci
invalid argument "B1eDTWwJ-/test-ci" for t: Error parsing reference: "B1eDTWwJ-/test-ci" is not a valid repository/tag: invalid reference format
See 'docker build --help'.

[脚本执行结束]退出码：125
[Error Task] buildImage
[Error Stage] build 
[Error Job]
作业结束，耗时：1796 ms
