0 info it worked if it ends with ok
1 verbose cli [ '/Users/sujingxin/.nvm/versions/node/v7.5.0/bin/node',
1 verbose cli   '/Users/sujingxin/.nvm/versions/node/v7.5.0/bin/npm',
1 verbose cli   'run',
1 verbose cli   'mock' ]
2 info using npm@4.1.2
3 info using node@v7.5.0
4 verbose run-script [ 'premock', 'mock', 'postmock' ]
5 info lifecycle pure-ci@1.0.0~premock: pure-ci@1.0.0
6 silly lifecycle pure-ci@1.0.0~premock: no script for premock, continuing
7 info lifecycle pure-ci@1.0.0~mock: pure-ci@1.0.0
8 verbose lifecycle pure-ci@1.0.0~mock: unsafe-perm in lifecycle true
9 verbose lifecycle pure-ci@1.0.0~mock: PATH: /Users/sujingxin/.nvm/versions/node/v7.5.0/lib/node_modules/npm/bin/node-gyp-bin:/Users/sujingxin/coding/daily/pure-ci/node_modules/.bin:/Users/sujingxin/.nvm/versions/node/v7.5.0/bin:/Users/sujingxin/bin:/usr/local/bin:/usr/bin:/bin:/usr/sbin:/sbin:/Users/sujingxin/bin:/usr/local/opt/android-sdk/tools:/Users/sujingxin/.rvm/bin:/usr/local/opt/android-sdk/tools:/Users/sujingxin/.rvm/bin
10 verbose lifecycle pure-ci@1.0.0~mock: CWD: /Users/sujingxin/coding/daily/pure-ci
11 silly lifecycle pure-ci@1.0.0~mock: Args: [ '-c', 'api-mock api/api.apib --port 8998' ]
12 info lifecycle pure-ci@1.0.0~mock: Failed to exec mock script
13 verbose stack Error: pure-ci@1.0.0 mock: `api-mock api/api.apib --port 8998`
13 verbose stack spawn ENOENT
13 verbose stack     at ChildProcess.<anonymous> (/Users/sujingxin/.nvm/versions/node/v7.5.0/lib/node_modules/npm/lib/utils/spawn.js:33:16)
13 verbose stack     at emitTwo (events.js:106:13)
13 verbose stack     at ChildProcess.emit (events.js:192:7)
13 verbose stack     at maybeClose (internal/child_process.js:890:16)
13 verbose stack     at Process.ChildProcess._handle.onexit (internal/child_process.js:226:5)
14 verbose pkgid pure-ci@1.0.0
15 verbose cwd /Users/sujingxin/coding/daily/pure-ci
16 error Darwin 16.4.0
17 error argv "/Users/sujingxin/.nvm/versions/node/v7.5.0/bin/node" "/Users/sujingxin/.nvm/versions/node/v7.5.0/bin/npm" "run" "mock"
18 error node v7.5.0
19 error npm  v4.1.2
20 error file sh
21 error code ELIFECYCLE
22 error errno ENOENT
23 error syscall spawn
24 error pure-ci@1.0.0 mock: `api-mock api/api.apib --port 8998`
24 error spawn ENOENT
25 error Failed at the pure-ci@1.0.0 mock script 'api-mock api/api.apib --port 8998'.
25 error Make sure you have the latest version of node.js and npm installed.
25 error If you do, this is most likely a problem with the pure-ci package,
25 error not with npm itself.
25 error Tell the author that this fails on your system:
25 error     api-mock api/api.apib --port 8998
25 error You can get information on how to open an issue for this project with:
25 error     npm bugs pure-ci
25 error Or if that isn't available, you can get their info via:
25 error     npm owner ls pure-ci
25 error There is likely additional logging output above.
26 verbose exit [ 1, true ]
