开始时间：Wed May 10 2017 15:37:25 GMT+0800 (CST)
[Start Job]
[Start Stage] 初始化 
[Start Task] init  初始化任务
开始创建临时工作目录...
创建成功
===============环境变量=======================
PROJECT_ID(项目id) : Hkfli-eeW
JOB_ID(作业id) : B1AV7HlxZ
REPOSITORY_NAME(关联仓库名) : test-ci
REPOSITORY_URL(关联仓库url) : git@git.coding.net:luckyjing/test-ci.git
BRANCH(代码执行分支) : feature/docker
REGISTRY(Docker镜像仓库地址) : sujing.xin:5000
==================================================
[Finish Task] init
[Start Task] clone  Git 仓库克隆
> git clone --branch feature/docker git@git.coding.net:luckyjing/test-ci.git test-ci
Cloning into 'test-ci'...

[Finish Task] clone
[Finish Stage] 初始化 
[Start Stage] 测试 
[Start Task] test1  执行Shell命令
> echo 测试开始
测试开始

[Finish Task] test1
[Start Task] test  基于Docker镜像测试
当前工作目录：/Users/sujingxin/coding/daily/pure-ci/workspace/SkSuppJRe/Hkfli-eeW/tmp/test-ci
> docker build -t test/test-ci -f Dockerfile.test .
WARNING: Error loading config file:/Users/sujingxin/.docker/config.json - open /Users/sujingxin/.docker/config.json: permission denied

Sending build context to Docker daemon 342.5 kB

Step 1/7 : FROM node:7

 ---> 90223b3d894e
Step 2/7 : COPY ./package.json /app/package.json

 ---> Using cache
 ---> 00ef5c22dff3
Step 3/7 : WORKDIR /app

 ---> Using cache
 ---> 9d313168d976
Step 4/7 : RUN npm install -q  --registry=https://registry.npm.taobao.org

 ---> Using cache
 ---> 7fbb8a4691ab

Step 5/7 : COPY . /app

 ---> bd6a578fc16e

Removing intermediate container a9fb9a5c5e4e
Step 6/7 : EXPOSE 3000

 ---> Running in 244b46e5ef4b

 ---> 0d58bee4b883

Removing intermediate container 244b46e5ef4b
Step 7/7 : CMD npm test

 ---> Running in b8ef7e307e3c

 ---> b8d6d02d4f1e

Removing intermediate container b8ef7e307e3c

Successfully built b8d6d02d4f1e

> docker rmi test/test-ci
WARNING: Error loading config file:/Users/sujingxin/.docker/config.json - open /Users/sujingxin/.docker/config.json: permission denied

Untagged: test/test-ci:latest
Deleted: sha256:b8d6d02d4f1e7b317ad071e94f581bf6b39636fcb838dc5d30112c13dcb4b815
Deleted: sha256:0d58bee4b88387cc2ed8bc446fb83a660682d29ab3990a8347eb7fba607c40fe
Deleted: sha256:bd6a578fc16e04df5b19c42f19dc1784251ac60ef2b7f00886ccf737b149f963
Deleted: sha256:238b35c3510564fc6a46007042152390cc29e1273993997364c3693f93b236ec

[Finish Task] test
[Finish Stage] 测试 
[Start Stage] 构建 
[Start Task] shell1  执行Shell命令
> echo 你好，构建阶段
你好，构建阶段

[Finish Task] shell1
[Start Task] buildImage  构建运行型Docker镜像
镜像名：sujing.xin:5000/hkflieew/test-ci
当前工作目录：/Users/sujingxin/coding/daily/pure-ci/workspace/SkSuppJRe/Hkfli-eeW/tmp/test-ci
> docker build -t sujing.xin:5000/hkflieew/test-ci .
WARNING: Error loading config file:/Users/sujingxin/.docker/config.json - open /Users/sujingxin/.docker/config.json: permission denied

Sending build context to Docker daemon 342.5 kB

Step 1/7 : FROM node:7

 ---> 90223b3d894e
Step 2/7 : COPY ./package.json /app/package.json

 ---> Using cache
 ---> 00ef5c22dff3
Step 3/7 : WORKDIR /app

 ---> Using cache
 ---> 9d313168d976
Step 4/7 : RUN npm install -q  --registry=https://registry.npm.taobao.org

 ---> Using cache
 ---> 7fbb8a4691ab
Step 5/7 : COPY . /app

 ---> ec33d9227075

Removing intermediate container 5f074c9f85ad
Step 6/7 : EXPOSE 3000

 ---> Running in 2c737df5527c

 ---> 852e06bb077e

Removing intermediate container 2c737df5527c
Step 7/7 : CMD npm start

 ---> Running in d68c42375ec8

 ---> 3575f47e3e51

Removing intermediate container d68c42375ec8

Successfully built 3575f47e3e51

[Finish Task] buildImage
[Finish Stage] 构建 
[Start Stage] 部署 
[Start Task] shell2  执行Shell命令
> echo 你好，部署阶段
你好，部署阶段

[Finish Task] shell2
[Finish Stage] 部署 
[Success Job]
作业结束，耗时：6605 ms
[Start Task] clean  收尾任务
开始清除临时工作目录...
清除完成
[Finish Task] clean
