开始时间：Wed May 10 2017 15:35:05 GMT+0800 (CST)
[Start Job]
[Start Stage] 初始化 
[Start Task] init  初始化任务
开始创建临时工作目录...
创建成功
===============环境变量=======================
PROJECT_ID(项目id) : Hkfli-eeW
JOB_ID(作业id) : H1-hMSlg-
REPOSITORY_NAME(关联仓库名) : test-ci
REPOSITORY_URL(关联仓库url) : git@git.coding.net:luckyjing/test-ci.git
BRANCH(代码执行分支) : feature/docker
REGISTRY(Docker镜像仓库地址) : sujing.xin:5000
==================================================
[Finish Task] init
[Start Task] clone  Git 仓库克隆
> git clone --branch feature/docker git@git.coding.net:luckyjing/test-ci.git test-ci
Cloning into 'test-ci'...

[Finish Task] clone
[Finish Stage] 初始化 
[Start Stage] 测试 
[Start Task] test1  执行Shell命令
> echo 测试完成
测试完成

[Finish Task] test1
[Finish Stage] 测试 
[Start Stage] 构建 
[Start Task] shell1  执行Shell命令
> echo 你好，构建阶段
你好，构建阶段

[Finish Task] shell1
[Start Task] buildImage  构建运行型Docker镜像
镜像名：sujing.xin:5000/hkflieew/test-ci
当前工作目录：/Users/sujingxin/coding/daily/pure-ci/workspace/SkSuppJRe/Hkfli-eeW/tmp/test-ci
> docker build -t sujing.xin:5000/hkflieew/test-ci .
WARNING: Error loading config file:/Users/sujingxin/.docker/config.json - open /Users/sujingxin/.docker/config.json: permission denied

Sending build context to Docker daemon 342.5 kB

Step 1/7 : FROM node:7

 ---> 90223b3d894e
Step 2/7 : COPY ./package.json /app/package.json

 ---> Using cache
 ---> 00ef5c22dff3
Step 3/7 : WORKDIR /app

 ---> Using cache
 ---> 9d313168d976
Step 4/7 : RUN npm install -q  --registry=https://registry.npm.taobao.org

 ---> Using cache
 ---> 7fbb8a4691ab

Step 5/7 : COPY . /app

 ---> 99dc2aef3ee3

Removing intermediate container 6e9efad3e49a
Step 6/7 : EXPOSE 3000

 ---> Running in 7ade31decc3e

 ---> 0372fcef1d9d

Removing intermediate container 7ade31decc3e
Step 7/7 : CMD npm start

 ---> Running in c310cc63cb0f

 ---> 6b5ef1f8c472

Removing intermediate container c310cc63cb0f

Successfully built 6b5ef1f8c472

[Finish Task] buildImage
[Finish Stage] 构建 
[Start Stage] 部署 
[Start Task] shell2  执行Shell命令
> echo 你好，部署阶段
你好，部署阶段

[Finish Task] shell2
[Finish Stage] 部署 
[Success Job]
作业结束，耗时：3956 ms
[Start Task] clean  收尾任务
开始清除临时工作目录...
清除完成
[Finish Task] clean
