开始时间：Wed May 10 2017 15:36:57 GMT+0800 (CST)
[Start Job]
[Start Stage] 初始化 
[Start Task] init  初始化任务
开始创建临时工作目录...
创建成功
===============环境变量=======================
PROJECT_ID(项目id) : Hkfli-eeW
JOB_ID(作业id) : BkfmQBlxZ
REPOSITORY_NAME(关联仓库名) : test-ci
REPOSITORY_URL(关联仓库url) : git@git.coding.net:luckyjing/test-ci.git
BRANCH(代码执行分支) : feature/docker
REGISTRY(Docker镜像仓库地址) : sujing.xin:5000
==================================================
[Finish Task] init
[Start Task] clone  Git 仓库克隆
> git clone --branch feature/docker git@git.coding.net:luckyjing/test-ci.git test-ci
Cloning into 'test-ci'...

[Finish Task] clone
[Finish Stage] 初始化 
[Start Stage] 测试 
[Start Task] test1  执行Shell命令
> echo 测试开始
测试开始

[Finish Task] test1
[Start Task] test  基于Docker镜像测试
当前工作目录：/Users/sujingxin/coding/daily/pure-ci/workspace/SkSuppJRe/Hkfli-eeW/tmp/test-ci
> docker build -t test/test-ci -f Dockerfile.test .
WARNING: Error loading config file:/Users/sujingxin/.docker/config.json - open /Users/sujingxin/.docker/config.json: permission denied

Sending build context to Docker daemon 342.5 kB

Step 1/7 : FROM node:7

 ---> 90223b3d894e
Step 2/7 : COPY ./package.json /app/package.json

 ---> Using cache

 ---> 00ef5c22dff3

Step 3/7 : WORKDIR /app

 ---> Using cache

 ---> 9d313168d976
Step 4/7 : RUN npm install -q  --registry=https://registry.npm.taobao.org

 ---> Using cache

 ---> 7fbb8a4691ab

Step 5/7 : COPY . /app

 ---> fe07c0f3f8b0

Removing intermediate container b40c672f44ea
Step 6/7 : EXPOSE 3000

 ---> Running in df6ae84f536e

 ---> db6c404a3e04

Removing intermediate container df6ae84f536e
Step 7/7 : CMD npm test

 ---> Running in ddcbf4f1ab82

 ---> c3ede60e29a9

Removing intermediate container ddcbf4f1ab82

Successfully built c3ede60e29a9

> docker rmi test/test-ci
WARNING: Error loading config file:/Users/sujingxin/.docker/config.json - open /Users/sujingxin/.docker/config.json: permission denied

Untagged: test/test-ci:latest
Deleted: sha256:c3ede60e29a9f6a9387c04ab3b485486e93fe0cc95d92ae4f360895b63496bd5
Deleted: sha256:db6c404a3e04580c0ee7ed2556bca4800382d86dbe6be1badf1a565f4cc54b61
Deleted: sha256:fe07c0f3f8b04ada23e17dd551b488d483e7c62edf793ab3886502bea5992423
Deleted: sha256:b47f40cffb85b291fb29086aaf823d2f74c49b0ae3087b9ca7468539fafeebc7

[Finish Task] test
[Finish Stage] 测试 
[Start Stage] 构建 
[Start Task] shell1  执行Shell命令
> echo 你好，构建阶段
你好，构建阶段

[Finish Task] shell1
[Start Task] buildImage  构建运行型Docker镜像
镜像名：sujing.xin:5000/hkflieew/test-ci
当前工作目录：/Users/sujingxin/coding/daily/pure-ci/workspace/SkSuppJRe/Hkfli-eeW/tmp/test-ci
> docker build -t sujing.xin:5000/hkflieew/test-ci .
WARNING: Error loading config file:/Users/sujingxin/.docker/config.json - open /Users/sujingxin/.docker/config.json: permission denied

Sending build context to Docker daemon 342.5 kB

Step 1/7 : FROM node:7

 ---> 90223b3d894e
Step 2/7 : COPY ./package.json /app/package.json

 ---> Using cache
 ---> 00ef5c22dff3
Step 3/7 : WORKDIR /app

 ---> Using cache
 ---> 9d313168d976

Step 4/7 : RUN npm install -q  --registry=https://registry.npm.taobao.org

 ---> Using cache
 ---> 7fbb8a4691ab
Step 5/7 : COPY . /app

 ---> f74d7f13f51c

Removing intermediate container 62f44f6756f0
Step 6/7 : EXPOSE 3000

 ---> Running in 62ba203f487c

 ---> e987d8a2316f

Removing intermediate container 62ba203f487c
Step 7/7 : CMD npm start

 ---> Running in b87da016d8dc

 ---> 446c9ccf011b

Removing intermediate container b87da016d8dc

Successfully built 446c9ccf011b

[Finish Task] buildImage
[Finish Stage] 构建 
[Start Stage] 部署 
[Start Task] shell2  执行Shell命令
> echo 你好，部署阶段
你好，部署阶段

[Finish Task] shell2
[Finish Stage] 部署 
[Success Job]
作业结束，耗时：7025 ms
[Start Task] clean  收尾任务
开始清除临时工作目录...
清除完成
[Finish Task] clean
