开始时间：Wed May 10 2017 16:00:49 GMT+0800 (CST)
[Start Job]
[Start Stage] 初始化 
[Start Task] init  初始化任务
开始创建临时工作目录...
创建成功
===============环境变量=======================
PROJECT_ID(项目id) : Hkfli-eeW
JOB_ID(作业id) : HkKhuBgxW
REPOSITORY_NAME(关联仓库名) : test-ci
REPOSITORY_URL(关联仓库url) : git@git.coding.net:luckyjing/test-ci.git
BRANCH(代码执行分支) : feature/docker
REGISTRY(Docker镜像仓库地址) : sujing.xin:5000
==================================================
[Finish Task] init
[Start Task] clone  Git 仓库克隆
> git clone --branch feature/docker git@git.coding.net:luckyjing/test-ci.git test-ci
Cloning into 'test-ci'...

[Finish Task] clone
[Finish Stage] 初始化 
[Start Stage] 测试 
[Start Task] test1  执行Shell命令
> echo 测试开始
测试开始

[Finish Task] test1
[Start Task] test  基于Docker镜像测试
当前工作目录：/Users/sujingxin/coding/daily/pure-ci/workspace/SkSuppJRe/Hkfli-eeW/tmp/test-ci
> docker build -t test/test-ci -f Dockerfile.test .
WARNING: Error loading config file:/Users/sujingxin/.docker/config.json - open /Users/sujingxin/.docker/config.json: permission denied

Sending build context to Docker daemon 342.5 kB

Step 1/7 : FROM node:7
 ---> 90223b3d894e

Step 2/7 : COPY ./package.json /app/package.json

 ---> Using cache
 ---> 00ef5c22dff3

Step 3/7 : WORKDIR /app

 ---> Using cache
 ---> 9d313168d976
Step 4/7 : RUN npm install -q  --registry=https://registry.npm.taobao.org

 ---> Using cache

 ---> 7fbb8a4691ab
Step 5/7 : COPY . /app

 ---> da2c6cb722e9

Removing intermediate container b2bd50d468d3
Step 6/7 : EXPOSE 3000

 ---> Running in 15912558eb10

 ---> afdba618954e

Removing intermediate container 15912558eb10
Step 7/7 : CMD npm test

 ---> Running in 9b3fffd4be5e

 ---> 2c5faff2b4f6

Removing intermediate container 9b3fffd4be5e

Successfully built 2c5faff2b4f6

> docker run --rm -i test/test-ci
WARNING: Error loading config file:/Users/sujingxin/.docker/config.json - open /Users/sujingxin/.docker/config.json: permission denied

npm
 
info it worked if it ends with
 ok

npm info using
 npm@4.2.0
npm info using node@v7.9.0

npm info lifecycle node-project@1.0.0~pretest: node-project@1.0.0

npm info lifecycle
 node-project@1.0.0~test: node-project@1.0.0


> node-project@1.0.0 test /app
> ava


 
 ⠋ 
[2K[1A[2K[0G 
 ⠙ 
[2K[1A[2K[0G 
 ⠹ 
[2K[1A[2K[0G 
 ⠸ 
[2K[1A[2K[0G 
 ⠼ 
[2K[1A[2K[0G 
 ⠴ 
[2K[1A[2K[0G 
 ⠴ foo…

  1 passed
[2K[1A[2K[1A[2K[1A[2K[0G 
 ⠴ bar…

  2 passed
[2K[1A[2K[1A[2K[1A[2K[0G
  2 passed


npm info lifecycle
 node-project@1.0.0~posttest: node-project@1.0.0

npm info ok 

> docker rmi test/test-ci
WARNING: Error loading config file:/Users/sujingxin/.docker/config.json - open /Users/sujingxin/.docker/config.json: permission denied

Untagged: test/test-ci:latest
Deleted: sha256:2c5faff2b4f6d43e51757ca8a81c17bc927b7baa5e820155b4941ee9daf9abd7
Deleted: sha256:afdba618954e9bf05d522f2792dd2aa132bc58dffaceeee8d6f50965ad0f17d8
Deleted: sha256:da2c6cb722e9f84796bf16412f7a2479437a4861140706199e726bbcf7fe2c91
Deleted: sha256:234ee2410c56c43488e17efc7ed2bf57bfd0331f1fd220f8d95d8c16c5f9b912

[Finish Task] test
[Finish Stage] 测试 
[Start Stage] 构建 
[Start Task] shell1  执行Shell命令
> ec1ho 你好，构建阶段
[脚本执行出错]Error: spawn ec1ho ENOENT
[Error Task] shell1
[Error Stage] 构建 
> ec1ho 你好，构建阶段
[脚本执行出错]Error: spawn ec1ho ENOENT
[Error Job]
作业结束，耗时：8223 ms
[Start Task] clean  收尾任务
