开始时间：Wed May 10 2017 12:06:05 GMT+0800 (CST)
[Start Job]
[Start Stage] init 
[Start Task] init  初始化任务
开始创建临时工作目录...
创建成功
===============环境变量=======================
PROJECT_ID(项目id) : Hkfli-eeW
JOB_ID(作业id) : HyHhbGxeb
REPOSITORY_NAME(关联仓库名) : test-ci
REPOSITORY_URL(关联仓库url) : git@git.coding.net:luckyjing/test-ci.git
BRANCH(代码执行分支) : feature/docker
REGISTRY(Docker镜像仓库地址) : sujing.xin:5000
==================================================
[Finish Task] init
[Start Task] clone  Git 仓库克隆
> git clone --branch feature/docker git@git.coding.net:luckyjing/test-ci.git test-ci
Cloning into 'test-ci'...

[Finish Task] clone
[Finish Stage] init 
[Start Stage] test 
[Start Task] shell0  执行Shell命令
> echo 你好，测试阶段
你好，测试阶段

[Finish Task] shell0
[Finish Stage] test 
[Start Stage] build 
[Start Task] shell1  执行Shell命令
> echo 你好，构建阶段
你好，构建阶段

[Finish Task] shell1
[Start Task] buildImage  构建运行型Docker镜像
镜像名：sujing.xin:5000/hkflieew/test-ci
当前工作目录：/Users/sujingxin/coding/daily/pure-ci/workspace/SkSuppJRe/Hkfli-eeW/tmp/test-ci
> docker build -t sujing.xin:5000/hkflieew/test-ci .
WARNING: Error loading config file:/Users/sujingxin/.docker/config.json - open /Users/sujingxin/.docker/config.json: permission denied

Sending build context to Docker daemon 339.5 kB

Step 1/7 : FROM node:7

 ---> 90223b3d894e

Step 2/7 : COPY ./package.json /app/package.json

 ---> Using cache

 ---> 2b2663d4db6a

Step 3/7 : WORKDIR /app
 ---> Using cache
 ---> 5b414bfaa37c
Step 4/7 : RUN npm install -q  --registry=https://registry.npm.taobao.org

 ---> Using cache

 ---> f3fc128a4c90
Step 5/7 : COPY . /app

 ---> e857d285da79

Removing intermediate container a4d15b096abf

Step 6/7 : EXPOSE 3000

 ---> Running in dee015ef5c2a

 ---> 1ed030a5d95e

Removing intermediate container dee015ef5c2a
Step 7/7 : CMD npm start

 ---> Running in feb6c23e5e07

 ---> f70a153b1fbf

Removing intermediate container feb6c23e5e07

Successfully built f70a153b1fbf

[Finish Task] buildImage
[Start Task] pushImage  推送镜像
当前工作目录：/Users/sujingxin/coding/daily/pure-ci/workspace/SkSuppJRe/Hkfli-eeW/tmp/test-ci
准备推送的镜像名：sujing.xin:5000/hkflieew/test-ci
> docker tag sujing.xin:5000/hkflieew/test-ci sujing.xin:5000/hkflieew/test-ci
WARNING: Error loading config file:/Users/sujingxin/.docker/config.json - open /Users/sujingxin/.docker/config.json: permission denied

> docker push sujing.xin:5000/hkflieew/test-ci
WARNING: Error loading config file:/Users/sujingxin/.docker/config.json - open /Users/sujingxin/.docker/config.json: permission denied

The push refers to a repository [sujing.xin:5000/hkflieew/test-ci]

Get https://sujing.xin:5000/v1/_ping: x509: certificate signed by unknown authority

> docker push sujing.xin:5000/hkflieew/test-ci
WARNING: Error loading config file:/Users/sujingxin/.docker/config.json - open /Users/sujingxin/.docker/config.json: permission denied

The push refers to a repository [sujing.xin:5000/hkflieew/test-ci]

Get https://sujing.xin:5000/v1/_ping: x509: certificate signed by unknown authority

[Error Task] pushImage
[Error Stage] build 
> docker push sujing.xin:5000/hkflieew/test-ci
WARNING: Error loading config file:/Users/sujingxin/.docker/config.json - open /Users/sujingxin/.docker/config.json: permission denied

The push refers to a repository [sujing.xin:5000/hkflieew/test-ci]

Get https://sujing.xin:5000/v1/_ping: x509: certificate signed by unknown authority

[Error Job]
作业结束，耗时：4932 ms
[Start Task] clean  收尾任务
开始清除临时工作目录...
清除完成
[Finish Task] clean
