开始时间：Wed May 10 2017 12:47:36 GMT+0800 (CST)
[Start Job]
[Start Stage] init 
[Start Task] init  初始化任务
开始创建临时工作目录...
创建成功
===============环境变量=======================
PROJECT_ID(项目id) : Hkfli-eeW
JOB_ID(作业id) : HJgujzxgb
REPOSITORY_NAME(关联仓库名) : test-ci
REPOSITORY_URL(关联仓库url) : git@git.coding.net:luckyjing/test-ci.git
BRANCH(代码执行分支) : feature/docker
REGISTRY(Docker镜像仓库地址) : sujing.xin:5000
==================================================
[Finish Task] init
[Start Task] clone  Git 仓库克隆
> git clone --branch feature/docker git@git.coding.net:luckyjing/test-ci.git test-ci
Cloning into 'test-ci'...

[Finish Task] clone
[Finish Stage] init 
[Start Stage] test 
[Start Task] test  测试
当前工作目录：/Users/sujingxin/coding/daily/pure-ci/workspace/SkSuppJRe/Hkfli-eeW/tmp/test-ci
> docker build -t test/test-ci -f Dockerfile.test .
WARNING: Error loading config file:/Users/sujingxin/.docker/config.json - open /Users/sujingxin/.docker/config.json: permission denied

Sending build context to Docker daemon   342 kB

Step 1/7 : FROM node:7

 ---> 90223b3d894e
Step 2/7 : COPY ./package.json /app/package.json

 ---> Using cache
 ---> 00ef5c22dff3

Step 3/7 : WORKDIR /app

 ---> Using cache
 ---> 9d313168d976

Step 4/7 : RUN npm install -q  --registry=https://registry.npm.taobao.org

 ---> Using cache
 ---> 7fbb8a4691ab
Step 5/7 : COPY . /app

 ---> 357648e84d5a

Removing intermediate container 94859089e5e1
Step 6/7 : EXPOSE 3000

 ---> Running in cdb92d0f9f30

 ---> 41bcfba738ea

Removing intermediate container cdb92d0f9f30
Step 7/7 : CMD npm test

 ---> Running in 7f1f3eead147

 ---> 8502196b70cd

Removing intermediate container 7f1f3eead147

Successfully built 8502196b70cd

> docker run --rm -it test/test-ci
WARNING: Error loading config file:/Users/sujingxin/.docker/config.json - open /Users/sujingxin/.docker/config.json: permission denied

the input device is not a TTY

> docker run --rm -it test/test-ci
WARNING: Error loading config file:/Users/sujingxin/.docker/config.json - open /Users/sujingxin/.docker/config.json: permission denied

the input device is not a TTY

[Error Task] test
[Error Stage] test 
> docker run --rm -it test/test-ci
WARNING: Error loading config file:/Users/sujingxin/.docker/config.json - open /Users/sujingxin/.docker/config.json: permission denied

the input device is not a TTY

[Error Job]
作业结束，耗时：4120 ms
[Start Task] clean  收尾任务
开始清除临时工作目录...
清除完成
[Finish Task] clean
